<?xml version="1.0" encoding="UTF-8"?>
<!-- Generated by org.testng.reporters.JUnitReportReporter -->
<testsuite hostname="Administrator" failures="0" tests="1" name="ParallelExcecution.YouTube" time="13.980" errors="0" timestamp="2024-01-18T21:34:53 IST" skipped="0">
  <testcase classname="ParallelExcecution.YouTube" name="Youtube" time="13.980"/>
</testsuite> <!-- ParallelExcecution.YouTube -->
