<?xml version="1.0" encoding="UTF-8"?>
<!-- Generated by org.testng.reporters.JUnitReportReporter -->
<testsuite hostname="Administrator" failures="0" tests="1" name="ParallelExcecution.Gmail" time="7.002" errors="0" timestamp="2024-01-19T15:29:29 IST" skipped="0">
  <testcase classname="ParallelExcecution.Gmail" name="Gmailtest" time="7.002"/>
</testsuite> <!-- ParallelExcecution.Gmail -->
