<?xml version="1.0" encoding="UTF-8"?>
<!-- Generated by org.testng.reporters.JUnitReportReporter -->
<testsuite hostname="Administrator" failures="0" tests="1" name="test.SearchFunctionatityTest" time="99.203" errors="0" timestamp="2024-01-20T23:34:01 IST" skipped="0">
  <testcase classname="test.SearchFunctionatityTest" name="SearchFunctionalityTest" time="99.203"/>
</testsuite> <!-- test.SearchFunctionatityTest -->
