<?xml version="1.0" encoding="UTF-8"?>
<!-- Generated by org.testng.reporters.JUnitReportReporter -->
<testsuite hostname="Administrator" failures="0" tests="1" name="ParallelExcecution.Google" time="9.506" errors="0" timestamp="2024-01-18T21:34:53 IST" skipped="0">
  <testcase classname="ParallelExcecution.Google" name="goodletest" time="9.506"/>
</testsuite> <!-- ParallelExcecution.Google -->
