<?xml version="1.0" encoding="UTF-8"?>
<!-- Generated by org.testng.reporters.JUnitReportReporter -->
<testsuite hostname="Administrator" failures="0" tests="1" name="ParallelExcecution.ReadDataFromExel" time="10.675" errors="0" timestamp="2024-01-19T15:35:19 IST" skipped="0">
  <testcase classname="ParallelExcecution.ReadDataFromExel" name="orangeHRM" time="10.675"/>
</testsuite> <!-- ParallelExcecution.ReadDataFromExel -->
