<?xml version="1.0" encoding="UTF-8"?>
<!-- Generated by org.testng.reporters.JUnitReportReporter -->
<testsuite hostname="Administrator" failures="0" tests="1" name="Practice.Login" time="14.461" errors="0" timestamp="2024-01-19T20:57:49 IST" skipped="0">
  <testcase classname="Practice.Login" name="logintest" time="14.461"/>
</testsuite> <!-- Practice.Login -->
